Start testing: Jun 23 10:24 EEST
----------------------------------------------------------
1/4 Testing: Predator.MovesTowardsNearestVictim
1/4 Test: Predator.MovesTowardsNearestVictim
Command: "/home/kyrylo/Repository/Pool/build/tests/Predator_Test" "--gtest_filter=Predator.MovesTowardsNearestVictim" "--gtest_also_run_disabled_tests"
Directory: /home/kyrylo/Repository/Pool/build/tests
"Predator.MovesTowardsNearestVictim" start time: Jun 23 10:24 EEST
Output:
----------------------------------------------------------
Running main() from gmock_main.cc
Note: Google Test filter = Predator.MovesTowardsNearestVictim
[==========] Running 1 test from 1 test suite.
[----------] Global test environment set-up.
[----------] 1 test from Predator
[ RUN      ] Predator.MovesTowardsNearestVictim
[       OK ] Predator.MovesTowardsNearestVictim (0 ms)
[----------] 1 test from Predator (0 ms total)

[----------] Global test environment tear-down
[==========] 1 test from 1 test suite ran. (0 ms total)
[  PASSED  ] 1 test.
<end of output>
Test time =   0.00 sec
----------------------------------------------------------
Test Passed.
"Predator.MovesTowardsNearestVictim" end time: Jun 23 10:24 EEST
"Predator.MovesTowardsNearestVictim" time elapsed: 00:00:00
----------------------------------------------------------

2/4 Testing: Predator.EatsVictimOnSameCell
2/4 Test: Predator.EatsVictimOnSameCell
Command: "/home/kyrylo/Repository/Pool/build/tests/Predator_Test" "--gtest_filter=Predator.EatsVictimOnSameCell" "--gtest_also_run_disabled_tests"
Directory: /home/kyrylo/Repository/Pool/build/tests
"Predator.EatsVictimOnSameCell" start time: Jun 23 10:24 EEST
Output:
----------------------------------------------------------
Running main() from gmock_main.cc
Note: Google Test filter = Predator.EatsVictimOnSameCell
[==========] Running 1 test from 1 test suite.
[----------] Global test environment set-up.
[----------] 1 test from Predator
[ RUN      ] Predator.EatsVictimOnSameCell
[       OK ] Predator.EatsVictimOnSameCell (0 ms)
[----------] 1 test from Predator (0 ms total)

[----------] Global test environment tear-down
[==========] 1 test from 1 test suite ran. (0 ms total)
[  PASSED  ] 1 test.
<end of output>
Test time =   0.00 sec
----------------------------------------------------------
Test Passed.
"Predator.EatsVictimOnSameCell" end time: Jun 23 10:24 EEST
"Predator.EatsVictimOnSameCell" time elapsed: 00:00:00
----------------------------------------------------------

3/4 Testing: Simulation.RunsSeveralIterations
3/4 Test: Simulation.RunsSeveralIterations
Command: "/home/kyrylo/Repository/Pool/build/tests/Predator_Test" "--gtest_filter=Simulation.RunsSeveralIterations" "--gtest_also_run_disabled_tests"
Directory: /home/kyrylo/Repository/Pool/build/tests
"Simulation.RunsSeveralIterations" start time: Jun 23 10:24 EEST
Output:
----------------------------------------------------------
Running main() from gmock_main.cc
Note: Google Test filter = Simulation.RunsSeveralIterations
[==========] Running 1 test from 1 test suite.
[----------] Global test environment set-up.
[----------] 1 test from Simulation
[ RUN      ] Simulation.RunsSeveralIterations
[       OK ] Simulation.RunsSeveralIterations (0 ms)
[----------] 1 test from Simulation (0 ms total)

[----------] Global test environment tear-down
[==========] 1 test from 1 test suite ran. (0 ms total)
[  PASSED  ] 1 test.
<end of output>
Test time =   0.00 sec
----------------------------------------------------------
Test Passed.
"Simulation.RunsSeveralIterations" end time: Jun 23 10:24 EEST
"Simulation.RunsSeveralIterations" time elapsed: 00:00:00
----------------------------------------------------------

4/4 Testing: Pool.PositionInsidePool
4/4 Test: Pool.PositionInsidePool
Command: "/home/kyrylo/Repository/Pool/build/tests/Predator_Test" "--gtest_filter=Pool.PositionInsidePool" "--gtest_also_run_disabled_tests"
Directory: /home/kyrylo/Repository/Pool/build/tests
"Pool.PositionInsidePool" start time: Jun 23 10:24 EEST
Output:
----------------------------------------------------------
Running main() from gmock_main.cc
Note: Google Test filter = Pool.PositionInsidePool
[==========] Running 1 test from 1 test suite.
[----------] Global test environment set-up.
[----------] 1 test from Pool
[ RUN      ] Pool.PositionInsidePool
[       OK ] Pool.PositionInsidePool (0 ms)
[----------] 1 test from Pool (0 ms total)

[----------] Global test environment tear-down
[==========] 1 test from 1 test suite ran. (0 ms total)
[  PASSED  ] 1 test.
<end of output>
Test time =   0.00 sec
----------------------------------------------------------
Test Passed.
"Pool.PositionInsidePool" end time: Jun 23 10:24 EEST
"Pool.PositionInsidePool" time elapsed: 00:00:00
----------------------------------------------------------

End testing: Jun 23 10:24 EEST
